[2024-07-09 23:07:58,064: INFO: main: *******************]
[2024-07-09 23:07:58,065: INFO: main: >>>>>> Data Ingestion stage started <<<<<<]
[2024-07-09 23:07:58,068: INFO: common: yaml file: config\config.yaml loaded successfully]
[2024-07-09 23:07:58,069: INFO: common: created directory at: artifacts]
[2024-07-09 23:07:58,134: INFO: common: created directory at: artifacts/data_ingestion]
[2024-07-09 23:08:20,348: INFO: data_ingestion: Scraping complete!]
[2024-07-09 23:08:20,490: INFO: data_ingestion: Scraped File location: artifacts/data_ingestion/data.csv]
[2024-07-09 23:08:20,492: INFO: main: >>>>>> Data Ingestion stage completed <<<<<<]
[x==========x]
[2024-07-09 23:08:20,493: INFO: main: *******************]
[2024-07-09 23:08:20,493: INFO: main: >>>>>> Data Transformation Stage started <<<<<<]
[2024-07-09 23:08:20,496: INFO: common: yaml file: config\config.yaml loaded successfully]
[2024-07-09 23:08:20,496: INFO: common: created directory at: artifacts]
[2024-07-09 23:08:20,497: INFO: common: created directory at: artifacts/data_transformation]
[2024-07-09 23:08:20,524: INFO: data_transformation: Data file (artifacts/data_ingestion/data.csv) loaded]
[2024-07-09 23:08:20,543: INFO: data_transformation: Feature (verified) created]
[2024-07-09 23:08:20,607: INFO: stage_02_data_transformation: Data file cleaned]
[2024-07-09 23:08:20,609: INFO: stage_02_data_transformation: Part of Speech Tagging...]
[2024-07-09 23:09:00,013: INFO: stage_02_data_transformation: Part of Speech Tagging done.]
[2024-07-09 23:09:00,356: INFO: stage_02_data_transformation: Word lemmatizing done and corpus feature created.]
[2024-07-09 23:09:00,648: INFO: data_transformation: Preprocessed file location: artifacts/data_transformation/data-v1.0.csv]
[2024-07-09 23:09:00,657: INFO: main: >>>>>> Data Transformation Stage completed <<<<<<]
[x==========x]
[2024-07-09 23:09:00,657: INFO: main: *******************]
[2024-07-09 23:09:00,658: INFO: main: >>>>>> Data Analysis Stage started <<<<<<]
[2024-07-09 23:09:00,661: INFO: common: yaml file: config\config.yaml loaded successfully]
[2024-07-09 23:09:00,661: INFO: common: created directory at: artifacts]
[2024-07-09 23:09:00,663: INFO: common: created directory at: artifacts/data_analysis]
[2024-07-09 23:09:00,772: INFO: common: Data file (artifacts/data_transformation/data-v1.0.csv) loaded]
[2024-07-09 23:09:02,083: INFO: stage_03_data_analysis: Sentiment analysis calculated]
[2024-07-09 23:09:02,084: INFO: stage_03_data_analysis: Review Sentiment Chart saved at artifacts/data_analysis/Review Sentiment Chart.png.]
[2024-07-09 23:09:02,407: INFO: stage_03_data_analysis: Verified Reviewer Trip Chart saved at artifacts/data_analysis/Verified Reviewer Trip Chart.png.]
[2024-07-09 23:09:03,270: INFO: stage_03_data_analysis: Wordcloud image saved at artifacts/data_analysis/wordcloud.png.]
[2024-07-09 23:09:03,273: INFO: main: >>>>>> Data Analysis Stage completed <<<<<<]

[x==========x]
